<?xml version="1.0" encoding="UTF-8"?>
<testsuite xmlns:xsi="http://www.w3.org/2001/XMLSchema-instance" xsi:noNamespaceSchemaLocation="https://maven.apache.org/surefire/maven-surefire-plugin/xsd/surefire-test-report.xsd" name="ru.netology.javaqadiplom.creditTest" time="0.165" tests="13" errors="0" skipped="0" failures="0">
  <properties>
[...]
</properties>
  <testcase name="illegalArgumentExceptionTest" classname="ru.netology.javaqadiplom.creditTest" time="0.106"/>
  <testcase name="shouldAddToZeroBalance" classname="ru.netology.javaqadiplom.creditTest" time="0"/>
  <testcase name="shouldAddToZeroPay" classname="ru.netology.javaqadiplom.creditTest" time="0"/>
  <testcase name="shouldAddToPositivePay" classname="ru.netology.javaqadiplom.creditTest" time="0"/>
  <testcase name="shouldAddToNegativeCreditLimit" classname="ru.netology.javaqadiplom.creditTest" time="0.016"/>
  <testcase name="yearChangeTest" classname="ru.netology.javaqadiplom.creditTest" time="0"/>
  <testcase name="shouldAddToNegativePay" classname="ru.netology.javaqadiplom.creditTest" time="0"/>
  <testcase name="shouldAddToZeroInitialBalance" classname="ru.netology.javaqadiplom.creditTest" time="0"/>
  <testcase name="shouldAddToZeroCreditLimit" classname="ru.netology.javaqadiplom.creditTest" time="0"/>
  <testcase name="shouldAddToNegativeInitialBalance" classname="ru.netology.javaqadiplom.creditTest" time="0"/>
  <testcase name="shouldAddToPositiveBalance" classname="ru.netology.javaqadiplom.creditTest" time="0"/>
  <testcase name="shouldAddToNegativeBalance" classname="ru.netology.javaqadiplom.creditTest" time="0"/>
  <testcase name="yearChangeTest2" classname="ru.netology.javaqadiplom.creditTest" time="0"/>
</testsuite>